<?xml version="1.0" encoding="UTF-8"?>
<!-- Generated by org.testng.reporters.JUnitXMLReporter -->
<testsuite hostname="md2pyz3c" failures="0" tests="1" name="Test Assignments" time="0.027" errors="0" timestamp="17 Jul 2021 04:04:53 GMT">
  <testcase classname="com.Wallethub.Assignments.automation.tests.AllTests" name="@BeforeSuite initializeDriver" time="0.0">
    <failure type="org.openqa.selenium.InvalidArgumentException" message="invalid argument: entry 0 of &amp;apos;firstMatch&amp;apos; is invalid
from invalid argument: cannot parse capability: goog:chromeOptions
from invalid argument: unrecognized chrome option: prefs
Build info: version: &amp;apos;3.141.59&amp;apos;, revision: &amp;apos;e82be7d358&amp;apos;, time: &amp;apos;2018-11-14T08:17:03&amp;apos;
System info: host: &amp;apos;MD2PYZ3C&amp;apos;, ip: &amp;apos;169.254.54.37&amp;apos;, os.name: &amp;apos;Windows 10&amp;apos;, os.arch: &amp;apos;amd64&amp;apos;, os.version: &amp;apos;10.0&amp;apos;, java.version: &amp;apos;15.0.1&amp;apos;
Driver info: driver.version: ChromeDriver
remote stacktrace: Backtrace:
	Ordinal0 [0x00293733+2504499]
	Ordinal0 [0x0022C401+2081793]
	Ordinal0 [0x00132628+1058344]
	Ordinal0 [0x00146E6F+1142383]
	Ordinal0 [0x00149684+1152644]
	Ordinal0 [0x00143B81+1129345]
	Ordinal0 [0x00178C29+1346601]
	Ordinal0 [0x0017870F+1345295]
	Ordinal0 [0x00179955+1349973]
	Ordinal0 [0x001797DA+1349594]
	Ordinal0 [0x00175D4B+1334603]
	Ordinal0 [0x001522B4+1188532]
	Ordinal0 [0x00153149+1192265]
	GetHandleVerifier [0x0040FB8C+1512252]
	GetHandleVerifier [0x004BB0DF+2214031]
	GetHandleVerifier [0x00314BC3+484211]
	GetHandleVerifier [0x00313E69+480793]
	Ordinal0 [0x0023218D+2105741]
	Ordinal0 [0x002366E8+2123496]
	Ordinal0 [0x00236827+2123815]
	Ordinal0 [0x0023FB73+2161523]
	BaseThreadInitThunk [0x76736359+25]
	RtlGetAppContainerNamedObjectPath [0x777B87A4+228]
	RtlGetAppContainerNamedObjectPath [0x777B8774+180]
	(No symbol) [0x00000000]
">
      <![CDATA[org.openqa.selenium.InvalidArgumentException: invalid argument: entry 0 of 'firstMatch' is invalid
from invalid argument: cannot parse capability: goog:chromeOptions
from invalid argument: unrecognized chrome option: prefs
Build info: version: '3.141.59', revision: 'e82be7d358', time: '2018-11-14T08:17:03'
System info: host: 'MD2PYZ3C', ip: '169.254.54.37', os.name: 'Windows 10', os.arch: 'amd64', os.version: '10.0', java.version: '15.0.1'
Driver info: driver.version: ChromeDriver
remote stacktrace: Backtrace:
	Ordinal0 [0x00293733+2504499]
	Ordinal0 [0x0022C401+2081793]
	Ordinal0 [0x00132628+1058344]
	Ordinal0 [0x00146E6F+1142383]
	Ordinal0 [0x00149684+1152644]
	Ordinal0 [0x00143B81+1129345]
	Ordinal0 [0x00178C29+1346601]
	Ordinal0 [0x0017870F+1345295]
	Ordinal0 [0x00179955+1349973]
	Ordinal0 [0x001797DA+1349594]
	Ordinal0 [0x00175D4B+1334603]
	Ordinal0 [0x001522B4+1188532]
	Ordinal0 [0x00153149+1192265]
	GetHandleVerifier [0x0040FB8C+1512252]
	GetHandleVerifier [0x004BB0DF+2214031]
	GetHandleVerifier [0x00314BC3+484211]
	GetHandleVerifier [0x00313E69+480793]
	Ordinal0 [0x0023218D+2105741]
	Ordinal0 [0x002366E8+2123496]
	Ordinal0 [0x00236827+2123815]
	Ordinal0 [0x0023FB73+2161523]
	BaseThreadInitThunk [0x76736359+25]
	RtlGetAppContainerNamedObjectPath [0x777B87A4+228]
	RtlGetAppContainerNamedObjectPath [0x777B8774+180]
	(No symbol) [0x00000000]

	at org.openqa.selenium.remote.W3CHandshakeResponse.lambda$errorHandler$0(W3CHandshakeResponse.java:62)
	at org.openqa.selenium.remote.HandshakeResponse.lambda$getResponseFunction$0(HandshakeResponse.java:30)
	at org.openqa.selenium.remote.ProtocolHandshake.lambda$createSession$0(ProtocolHandshake.java:126)
	at java.base/java.util.stream.ReferencePipeline$3$1.accept(ReferencePipeline.java:195)
	at java.base/java.util.Spliterators$ArraySpliterator.tryAdvance(Spliterators.java:958)
	at java.base/java.util.stream.ReferencePipeline.forEachWithCancel(ReferencePipeline.java:127)
	at java.base/java.util.stream.AbstractPipeline.copyIntoWithCancel(AbstractPipeline.java:502)
	at java.base/java.util.stream.AbstractPipeline.copyInto(AbstractPipeline.java:488)
	at java.base/java.util.stream.AbstractPipeline.wrapAndCopyInto(AbstractPipeline.java:474)
	at java.base/java.util.stream.FindOps$FindOp.evaluateSequential(FindOps.java:150)
	at java.base/java.util.stream.AbstractPipeline.evaluate(AbstractPipeline.java:234)
	at java.base/java.util.stream.ReferencePipeline.findFirst(ReferencePipeline.java:543)
	at org.openqa.selenium.remote.ProtocolHandshake.createSession(ProtocolHandshake.java:128)
	at org.openqa.selenium.remote.ProtocolHandshake.createSession(ProtocolHandshake.java:74)
	at org.openqa.selenium.remote.HttpCommandExecutor.execute(HttpCommandExecutor.java:136)
	at org.openqa.selenium.remote.service.DriverCommandExecutor.execute(DriverCommandExecutor.java:83)
	at org.openqa.selenium.remote.RemoteWebDriver.execute(RemoteWebDriver.java:552)
	at org.openqa.selenium.remote.RemoteWebDriver.startSession(RemoteWebDriver.java:213)
	at org.openqa.selenium.remote.RemoteWebDriver.<init>(RemoteWebDriver.java:131)
	at org.openqa.selenium.chrome.ChromeDriver.<init>(ChromeDriver.java:181)
	at org.openqa.selenium.chrome.ChromeDriver.<init>(ChromeDriver.java:168)
	at org.openqa.selenium.chrome.ChromeDriver.<init>(ChromeDriver.java:157)
	at com.Wallethub.Assignments.automation.factory.TestBase.initializeDriver(TestBase.java:63)
... Removed 23 stack frames]]>
    </failure>
  </testcase> <!-- @BeforeSuite initializeDriver -->
  <testcase classname="com.Wallethub.Assignments.automation.tests.AllTests" name="@BeforeTest testInitialize" time="0.0">
    <skipped/>
  </testcase> <!-- @BeforeTest testInitialize -->
  <testcase classname="com.Wallethub.Assignments.automation.tests.AllTests" name="@BeforeMethod extentLoggerInitializer" time="0.0">
    <skipped/>
  </testcase> <!-- @BeforeMethod extentLoggerInitializer -->
  <testcase classname="com.Wallethub.Assignments.automation.tests.AllTests" name="@AfterMethod tearDown" time="0.0">
    <skipped/>
  </testcase> <!-- @AfterMethod tearDown -->
  <testcase classname="com.Wallethub.Assignments.automation.tests.AllTests" name="@AfterClass closeBrowser" time="0.0">
    <skipped/>
  </testcase> <!-- @AfterClass closeBrowser -->
  <testcase classname="com.Wallethub.Assignments.automation.tests.AllTests" name="@AfterTest testClosure" time="0.0">
    <skipped/>
  </testcase> <!-- @AfterTest testClosure -->
  <testcase classname="com.Wallethub.Assignments.automation.tests.AllTests" name="Wallethub" time="0.002">
    <skipped/>
  </testcase> <!-- Wallethub -->
</testsuite> <!-- Test Assignments -->
