<html>
<head>
<title>TestNG:  Test Competency</title>
<link href="../testng.css" rel="stylesheet" type="text/css" />
<link href="../my-testng.css" rel="stylesheet" type="text/css" />

<style type="text/css">
.log { display: none;} 
.stack-trace { display: none;} 
</style>
<script type="text/javascript">
<!--
function flip(e) {
  current = e.style.display;
  if (current == 'block') {
    e.style.display = 'none';
    return 0;
  }
  else {
    e.style.display = 'block';
    return 1;
  }
}

function toggleBox(szDivId, elem, msg1, msg2)
{
  var res = -1;  if (document.getElementById) {
    res = flip(document.getElementById(szDivId));
  }
  else if (document.all) {
    // this is the way old msie versions work
    res = flip(document.all[szDivId]);
  }
  if(elem) {
    if(res == 0) elem.innerHTML = msg1; else elem.innerHTML = msg2;
  }

}

function toggleAllBoxes() {
  if (document.getElementsByTagName) {
    d = document.getElementsByTagName('div');
    for (i = 0; i < d.length; i++) {
      if (d[i].className == 'log') {
        flip(d[i]);
      }
    }
  }
}

// -->
</script>

</head>
<body>
<h2 align='center'>Test Competency</h2><table border='1' align="center">
<tr>
<td>Tests passed/Failed/Skipped:</td><td>0/0/7</td>
</tr><tr>
<td>Started on:</td><td>Sat Aug 22 16:56:57 IST 2020</td>
</tr>
<tr><td>Total time:</td><td>0 seconds (37 ms)</td>
</tr><tr>
<td>Included groups:</td><td></td>
</tr><tr>
<td>Excluded groups:</td><td></td>
</tr>
</table><p/>
<small><i>(Hover the method name to see the test class name)</i></small><p/>
<table width='100%' border='1' class='invocation-failed'>
<tr><td colspan='4' align='center'><b>FAILED CONFIGURATIONS</b></td></tr>
<tr><td><b>Test method</b></td>
<td width="30%"><b>Exception</b></td>
<td width="10%"><b>Time (seconds)</b></td>
<td><b>Instance</b></td>
</tr>
<tr>
<td title='com.sapient.competency.automation.tests.AllTests.initializeDriver()'><b>initializeDriver</b><br>Test class: com.sapient.competency.automation.tests.AllTests</td>
<td><div><pre>org.openqa.selenium.WebDriverException: unknown error: DevToolsActivePort file doesn&apos;t exist
Build info: version: &apos;3.141.59&apos;, revision: &apos;e82be7d358&apos;, time: &apos;2018-11-14T08:17:03&apos;
System info: host: &apos;MD2PYZ3C&apos;, ip: &apos;192.168.219.2&apos;, os.name: &apos;Windows 10&apos;, os.arch: &apos;amd64&apos;, os.version: &apos;10.0&apos;, java.version: &apos;1.8.0_251&apos;
Driver info: driver.version: ChromeDriver
remote stacktrace: Backtrace:
	Ordinal0 [0x00CD87E3+2852835]
	Ordinal0 [0x00BC5BB1+1727409]
	Ordinal0 [0x00A9E4B9+517305]
	Ordinal0 [0x00A30215+66069]
	Ordinal0 [0x00A2D31C+54044]
	Ordinal0 [0x00A4D9F7+186871]
	Ordinal0 [0x00A4D7FD+186365]
	Ordinal0 [0x00A4B70B+177931]
	Ordinal0 [0x00A32584+75140]
	Ordinal0 [0x00A33650+79440]
	Ordinal0 [0x00A335E9+79337]
	Ordinal0 [0x00BDAD5C+1813852]
	GetHandleVerifier [0x00DFC616+1075574]
	GetHandleVerifier [0x00DFC367+1074887]
	GetHandleVerifier [0x00E07497+1120247]
	GetHandleVerifier [0x00DFCC16+1077110]
	Ordinal0 [0x00BD3206+1782278]
	Ordinal0 [0x00BDC3BB+1819579]
	Ordinal0 [0x00BDC523+1819939]
	Ordinal0 [0x00BF2B45+1911621]
	BaseThreadInitThunk [0x75130419+25]
	RtlGetAppContainerNamedObjectPath [0x772C66DD+237]
	RtlGetAppContainerNamedObjectPath [0x772C66AD+189]

	at org.openqa.selenium.remote.W3CHandshakeResponse.lambda$errorHandler$0(W3CHandshakeResponse.java:62)
	at org.openqa.selenium.remote.HandshakeResponse.lambda$getResponseFunction$0(HandshakeResponse.java:30)
	at org.openqa.selenium.remote.ProtocolHandshake.lambda$createSession$0(ProtocolHandshake.java:126)
	at java.util.stream.ReferencePipeline$3$1.accept(Unknown Source)
	at java.util.Spliterators$ArraySpliterator.tryAdvance(Unknown Source)
	at java.util.stream.ReferencePipeline.forEachWithCancel(Unknown Source)
	at java.util.stream.AbstractPipeline.copyIntoWithCancel(Unknown Source)
	at java.util.stream.AbstractPipeline.copyInto(Unknown Source)
	at java.util.stream.AbstractPipeline.wrapAndCopyInto(Unknown Source)
	at java.util.stream.FindOps$FindOp.evaluateSequential(Unknown Source)
	at java.util.stream.AbstractPipeline.evaluate(Unknown Source)
	at java.util.stream.ReferencePipeline.findFirst(Unknown Source)
	at org.openqa.selenium.remote.ProtocolHandshake.createSession(ProtocolHandshake.java:128)
	at org.openqa.selenium.remote.ProtocolHandshake.createSession(ProtocolHandshake.java:74)
	at org.openqa.selenium.remote.HttpCommandExecutor.execute(HttpCommandExecutor.java:136)
	at org.openqa.selenium.remote.service.DriverCommandExecutor.execute(DriverCommandExecutor.java:83)
	at org.openqa.selenium.remote.RemoteWebDriver.execute(RemoteWebDriver.java:552)
	at org.openqa.selenium.remote.RemoteWebDriver.startSession(RemoteWebDriver.java:213)
	at org.openqa.selenium.remote.RemoteWebDriver.&lt;init&gt;(RemoteWebDriver.java:131)
	at org.openqa.selenium.chrome.ChromeDriver.&lt;init&gt;(ChromeDriver.java:181)
	at org.openqa.selenium.chrome.ChromeDriver.&lt;init&gt;(ChromeDriver.java:168)
	at org.openqa.selenium.chrome.ChromeDriver.&lt;init&gt;(ChromeDriver.java:157)
	at com.sapient.competency.automation.factory.TestBase.initializeDriver(TestBase.java:28)
... Removed 22 stack frames</pre></div><a href='#' onClick='toggleBox("stack-trace746115872", this, "Click to show all stack frames", "Click to hide stack frames")'>Click to show all stack frames</a>
<div class='stack-trace' id='stack-trace746115872'><pre>org.openqa.selenium.WebDriverException: unknown error: DevToolsActivePort file doesn&apos;t exist
Build info: version: &apos;3.141.59&apos;, revision: &apos;e82be7d358&apos;, time: &apos;2018-11-14T08:17:03&apos;
System info: host: &apos;MD2PYZ3C&apos;, ip: &apos;192.168.219.2&apos;, os.name: &apos;Windows 10&apos;, os.arch: &apos;amd64&apos;, os.version: &apos;10.0&apos;, java.version: &apos;1.8.0_251&apos;
Driver info: driver.version: ChromeDriver
remote stacktrace: Backtrace:
	Ordinal0 [0x00CD87E3+2852835]
	Ordinal0 [0x00BC5BB1+1727409]
	Ordinal0 [0x00A9E4B9+517305]
	Ordinal0 [0x00A30215+66069]
	Ordinal0 [0x00A2D31C+54044]
	Ordinal0 [0x00A4D9F7+186871]
	Ordinal0 [0x00A4D7FD+186365]
	Ordinal0 [0x00A4B70B+177931]
	Ordinal0 [0x00A32584+75140]
	Ordinal0 [0x00A33650+79440]
	Ordinal0 [0x00A335E9+79337]
	Ordinal0 [0x00BDAD5C+1813852]
	GetHandleVerifier [0x00DFC616+1075574]
	GetHandleVerifier [0x00DFC367+1074887]
	GetHandleVerifier [0x00E07497+1120247]
	GetHandleVerifier [0x00DFCC16+1077110]
	Ordinal0 [0x00BD3206+1782278]
	Ordinal0 [0x00BDC3BB+1819579]
	Ordinal0 [0x00BDC523+1819939]
	Ordinal0 [0x00BF2B45+1911621]
	BaseThreadInitThunk [0x75130419+25]
	RtlGetAppContainerNamedObjectPath [0x772C66DD+237]
	RtlGetAppContainerNamedObjectPath [0x772C66AD+189]

	at sun.reflect.NativeConstructorAccessorImpl.newInstance0(Native Method)
	at sun.reflect.NativeConstructorAccessorImpl.newInstance(Unknown Source)
	at sun.reflect.DelegatingConstructorAccessorImpl.newInstance(Unknown Source)
	at java.lang.reflect.Constructor.newInstance(Unknown Source)
	at org.openqa.selenium.remote.W3CHandshakeResponse.lambda$errorHandler$0(W3CHandshakeResponse.java:62)
	at org.openqa.selenium.remote.HandshakeResponse.lambda$getResponseFunction$0(HandshakeResponse.java:30)
	at org.openqa.selenium.remote.ProtocolHandshake.lambda$createSession$0(ProtocolHandshake.java:126)
	at java.util.stream.ReferencePipeline$3$1.accept(Unknown Source)
	at java.util.Spliterators$ArraySpliterator.tryAdvance(Unknown Source)
	at java.util.stream.ReferencePipeline.forEachWithCancel(Unknown Source)
	at java.util.stream.AbstractPipeline.copyIntoWithCancel(Unknown Source)
	at java.util.stream.AbstractPipeline.copyInto(Unknown Source)
	at java.util.stream.AbstractPipeline.wrapAndCopyInto(Unknown Source)
	at java.util.stream.FindOps$FindOp.evaluateSequential(Unknown Source)
	at java.util.stream.AbstractPipeline.evaluate(Unknown Source)
	at java.util.stream.ReferencePipeline.findFirst(Unknown Source)
	at org.openqa.selenium.remote.ProtocolHandshake.createSession(ProtocolHandshake.java:128)
	at org.openqa.selenium.remote.ProtocolHandshake.createSession(ProtocolHandshake.java:74)
	at org.openqa.selenium.remote.HttpCommandExecutor.execute(HttpCommandExecutor.java:136)
	at org.openqa.selenium.remote.service.DriverCommandExecutor.execute(DriverCommandExecutor.java:83)
	at org.openqa.selenium.remote.RemoteWebDriver.execute(RemoteWebDriver.java:552)
	at org.openqa.selenium.remote.RemoteWebDriver.startSession(RemoteWebDriver.java:213)
	at org.openqa.selenium.remote.RemoteWebDriver.&lt;init&gt;(RemoteWebDriver.java:131)
	at org.openqa.selenium.chrome.ChromeDriver.&lt;init&gt;(ChromeDriver.java:181)
	at org.openqa.selenium.chrome.ChromeDriver.&lt;init&gt;(ChromeDriver.java:168)
	at org.openqa.selenium.chrome.ChromeDriver.&lt;init&gt;(ChromeDriver.java:157)
	at com.sapient.competency.automation.factory.TestBase.initializeDriver(TestBase.java:28)
	at sun.reflect.NativeMethodAccessorImpl.invoke0(Native Method)
	at sun.reflect.NativeMethodAccessorImpl.invoke(Unknown Source)
	at sun.reflect.DelegatingMethodAccessorImpl.invoke(Unknown Source)
	at java.lang.reflect.Method.invoke(Unknown Source)
	at org.testng.internal.MethodInvocationHelper.invokeMethod(MethodInvocationHelper.java:80)
	at org.testng.internal.Invoker.invokeConfigurationMethod(Invoker.java:564)
	at org.testng.internal.Invoker.invokeConfigurations(Invoker.java:213)
	at org.testng.internal.Invoker.invokeConfigurations(Invoker.java:138)
	at org.testng.SuiteRunner.privateRun(SuiteRunner.java:277)
	at org.testng.SuiteRunner.run(SuiteRunner.java:240)
	at org.testng.SuiteRunnerWorker.runSuite(SuiteRunnerWorker.java:52)
	at org.testng.SuiteRunnerWorker.run(SuiteRunnerWorker.java:86)
	at org.testng.TestNG.runSuitesSequentially(TestNG.java:1198)
	at org.testng.TestNG.runSuitesLocally(TestNG.java:1123)
	at org.testng.TestNG.run(TestNG.java:1031)
	at org.testng.remote.AbstractRemoteTestNG.run(AbstractRemoteTestNG.java:115)
	at org.testng.remote.RemoteTestNG.initAndRun(RemoteTestNG.java:251)
	at org.testng.remote.RemoteTestNG.main(RemoteTestNG.java:77)
</pre></div></td>
<td>0</td>
<td>null</td></tr>
</table><p>
<table width='100%' border='1' class='invocation-skipped'>
<tr><td colspan='4' align='center'><b>SKIPPED CONFIGURATIONS</b></td></tr>
<tr><td><b>Test method</b></td>
<td width="30%"><b>Exception</b></td>
<td width="10%"><b>Time (seconds)</b></td>
<td><b>Instance</b></td>
</tr>
<tr>
<td title='com.sapient.competency.automation.tests.AllTests.testInitialize()'><b>testInitialize</b><br>Test class: com.sapient.competency.automation.tests.AllTests</td>
<td></td>
<td>0</td>
<td>null</td></tr>
<tr>
<td title='com.sapient.competency.automation.tests.AllTests.extentLoggerInitializer()'><b>extentLoggerInitializer</b><br>Test class: com.sapient.competency.automation.tests.AllTests</td>
<td></td>
<td>0</td>
<td>com.sapient.competency.automation.tests.AllTests@26be92ad</td></tr>
<tr>
<td title='com.sapient.competency.automation.tests.AllTests.extentLoggerInitializer()'><b>extentLoggerInitializer</b><br>Test class: com.sapient.competency.automation.tests.AllTests</td>
<td></td>
<td>0</td>
<td>com.sapient.competency.automation.tests.AllTests@26be92ad</td></tr>
<tr>
<td title='com.sapient.competency.automation.tests.AllTests.extentLoggerInitializer()'><b>extentLoggerInitializer</b><br>Test class: com.sapient.competency.automation.tests.AllTests</td>
<td></td>
<td>0</td>
<td>com.sapient.competency.automation.tests.AllTests@26be92ad</td></tr>
<tr>
<td title='com.sapient.competency.automation.tests.AllTests.extentLoggerInitializer()'><b>extentLoggerInitializer</b><br>Test class: com.sapient.competency.automation.tests.AllTests</td>
<td></td>
<td>0</td>
<td>com.sapient.competency.automation.tests.AllTests@26be92ad</td></tr>
<tr>
<td title='com.sapient.competency.automation.tests.AllTests.extentLoggerInitializer()'><b>extentLoggerInitializer</b><br>Test class: com.sapient.competency.automation.tests.AllTests</td>
<td></td>
<td>0</td>
<td>com.sapient.competency.automation.tests.AllTests@26be92ad</td></tr>
<tr>
<td title='com.sapient.competency.automation.tests.AllTests.extentLoggerInitializer()'><b>extentLoggerInitializer</b><br>Test class: com.sapient.competency.automation.tests.AllTests</td>
<td></td>
<td>0</td>
<td>com.sapient.competency.automation.tests.AllTests@26be92ad</td></tr>
<tr>
<td title='com.sapient.competency.automation.tests.AllTests.extentLoggerInitializer()'><b>extentLoggerInitializer</b><br>Test class: com.sapient.competency.automation.tests.AllTests</td>
<td></td>
<td>0</td>
<td>com.sapient.competency.automation.tests.AllTests@26be92ad</td></tr>
<tr>
<td title='com.sapient.competency.automation.tests.AllTests.tearDown()'><b>tearDown</b><br>Test class: com.sapient.competency.automation.tests.AllTests</td>
<td></td>
<td>0</td>
<td>com.sapient.competency.automation.tests.AllTests@26be92ad</td></tr>
<tr>
<td title='com.sapient.competency.automation.tests.AllTests.tearDown()'><b>tearDown</b><br>Test class: com.sapient.competency.automation.tests.AllTests</td>
<td></td>
<td>0</td>
<td>com.sapient.competency.automation.tests.AllTests@26be92ad</td></tr>
<tr>
<td title='com.sapient.competency.automation.tests.AllTests.tearDown()'><b>tearDown</b><br>Test class: com.sapient.competency.automation.tests.AllTests</td>
<td></td>
<td>0</td>
<td>com.sapient.competency.automation.tests.AllTests@26be92ad</td></tr>
<tr>
<td title='com.sapient.competency.automation.tests.AllTests.tearDown()'><b>tearDown</b><br>Test class: com.sapient.competency.automation.tests.AllTests</td>
<td></td>
<td>0</td>
<td>com.sapient.competency.automation.tests.AllTests@26be92ad</td></tr>
<tr>
<td title='com.sapient.competency.automation.tests.AllTests.tearDown()'><b>tearDown</b><br>Test class: com.sapient.competency.automation.tests.AllTests</td>
<td></td>
<td>0</td>
<td>com.sapient.competency.automation.tests.AllTests@26be92ad</td></tr>
<tr>
<td title='com.sapient.competency.automation.tests.AllTests.tearDown()'><b>tearDown</b><br>Test class: com.sapient.competency.automation.tests.AllTests</td>
<td></td>
<td>0</td>
<td>com.sapient.competency.automation.tests.AllTests@26be92ad</td></tr>
<tr>
<td title='com.sapient.competency.automation.tests.AllTests.tearDown()'><b>tearDown</b><br>Test class: com.sapient.competency.automation.tests.AllTests</td>
<td></td>
<td>0</td>
<td>com.sapient.competency.automation.tests.AllTests@26be92ad</td></tr>
<tr>
<td title='com.sapient.competency.automation.tests.AllTests.closeBrowser()'><b>closeBrowser</b><br>Test class: com.sapient.competency.automation.tests.AllTests</td>
<td></td>
<td>0</td>
<td>com.sapient.competency.automation.tests.AllTests@26be92ad</td></tr>
<tr>
<td title='com.sapient.competency.automation.tests.AllTests.testClosure()'><b>testClosure</b><br>Test class: com.sapient.competency.automation.tests.AllTests</td>
<td></td>
<td>0</td>
<td>null</td></tr>
</table><p>
<table width='100%' border='1' class='invocation-skipped'>
<tr><td colspan='4' align='center'><b>SKIPPED TESTS</b></td></tr>
<tr><td><b>Test method</b></td>
<td width="30%"><b>Exception</b></td>
<td width="10%"><b>Time (seconds)</b></td>
<td><b>Instance</b></td>
</tr>
<tr>
<td title='com.sapient.competency.automation.tests.AllTests.CheckStatus()'><b>CheckStatus</b><br>Test class: com.sapient.competency.automation.tests.AllTests</td>
<td></td>
<td>0</td>
<td>com.sapient.competency.automation.tests.AllTests@26be92ad</td></tr>
<tr>
<td title='com.sapient.competency.automation.tests.AllTests.CompetencyApproverFlow()'><b>CompetencyApproverFlow</b><br>Test class: com.sapient.competency.automation.tests.AllTests</td>
<td></td>
<td>0</td>
<td>com.sapient.competency.automation.tests.AllTests@26be92ad</td></tr>
<tr>
<td title='com.sapient.competency.automation.tests.AllTests.CompetencyQuizMeFlow()'><b>CompetencyQuizMeFlow</b><br>Test class: com.sapient.competency.automation.tests.AllTests</td>
<td></td>
<td>0</td>
<td>com.sapient.competency.automation.tests.AllTests@26be92ad</td></tr>
<tr>
<td title='com.sapient.competency.automation.tests.AllTests.MyCertifications()'><b>MyCertifications</b><br>Test class: com.sapient.competency.automation.tests.AllTests</td>
<td></td>
<td>0</td>
<td>com.sapient.competency.automation.tests.AllTests@26be92ad</td></tr>
<tr>
<td title='com.sapient.competency.automation.tests.AllTests.selectingCraftinCompetency()'><b>selectingCraftinCompetency</b><br>Test class: com.sapient.competency.automation.tests.AllTests</td>
<td></td>
<td>0</td>
<td>com.sapient.competency.automation.tests.AllTests@26be92ad</td></tr>
<tr>
<td title='com.sapient.competency.automation.tests.AllTests.submittingCompetency()'><b>submittingCompetency</b><br>Test class: com.sapient.competency.automation.tests.AllTests</td>
<td></td>
<td>0</td>
<td>com.sapient.competency.automation.tests.AllTests@26be92ad</td></tr>
<tr>
<td title='com.sapient.competency.automation.tests.AllTests.testLogin()'><b>testLogin</b><br>Test class: com.sapient.competency.automation.tests.AllTests</td>
<td></td>
<td>0</td>
<td>com.sapient.competency.automation.tests.AllTests@26be92ad</td></tr>
</table><p>
</body>
</html>