<?xml version="1.0" encoding="UTF-8"?>
<!-- Generated by org.testng.reporters.JUnitXMLReporter -->
<testsuite hostname="md2pyz3c" name="Test Competency" tests="7" failures="0" timestamp="22 Aug 2020 11:26:57 GMT" time="0.037" errors="0">
  <testcase name="@BeforeSuite initializeDriver" time="0.0" classname="com.sapient.competency.automation.tests.AllTests">
    <failure type="org.openqa.selenium.WebDriverException" message="unknown error: DevToolsActivePort file doesn&amp;apos;t exist
Build info: version: &amp;apos;3.141.59&amp;apos;, revision: &amp;apos;e82be7d358&amp;apos;, time: &amp;apos;2018-11-14T08:17:03&amp;apos;
System info: host: &amp;apos;MD2PYZ3C&amp;apos;, ip: &amp;apos;192.168.219.2&amp;apos;, os.name: &amp;apos;Windows 10&amp;apos;, os.arch: &amp;apos;amd64&amp;apos;, os.version: &amp;apos;10.0&amp;apos;, java.version: &amp;apos;1.8.0_251&amp;apos;
Driver info: driver.version: ChromeDriver
remote stacktrace: Backtrace:
	Ordinal0 [0x00CD87E3+2852835]
	Ordinal0 [0x00BC5BB1+1727409]
	Ordinal0 [0x00A9E4B9+517305]
	Ordinal0 [0x00A30215+66069]
	Ordinal0 [0x00A2D31C+54044]
	Ordinal0 [0x00A4D9F7+186871]
	Ordinal0 [0x00A4D7FD+186365]
	Ordinal0 [0x00A4B70B+177931]
	Ordinal0 [0x00A32584+75140]
	Ordinal0 [0x00A33650+79440]
	Ordinal0 [0x00A335E9+79337]
	Ordinal0 [0x00BDAD5C+1813852]
	GetHandleVerifier [0x00DFC616+1075574]
	GetHandleVerifier [0x00DFC367+1074887]
	GetHandleVerifier [0x00E07497+1120247]
	GetHandleVerifier [0x00DFCC16+1077110]
	Ordinal0 [0x00BD3206+1782278]
	Ordinal0 [0x00BDC3BB+1819579]
	Ordinal0 [0x00BDC523+1819939]
	Ordinal0 [0x00BF2B45+1911621]
	BaseThreadInitThunk [0x75130419+25]
	RtlGetAppContainerNamedObjectPath [0x772C66DD+237]
	RtlGetAppContainerNamedObjectPath [0x772C66AD+189]
">
      <![CDATA[org.openqa.selenium.WebDriverException: unknown error: DevToolsActivePort file doesn't exist
Build info: version: '3.141.59', revision: 'e82be7d358', time: '2018-11-14T08:17:03'
System info: host: 'MD2PYZ3C', ip: '192.168.219.2', os.name: 'Windows 10', os.arch: 'amd64', os.version: '10.0', java.version: '1.8.0_251'
Driver info: driver.version: ChromeDriver
remote stacktrace: Backtrace:
	Ordinal0 [0x00CD87E3+2852835]
	Ordinal0 [0x00BC5BB1+1727409]
	Ordinal0 [0x00A9E4B9+517305]
	Ordinal0 [0x00A30215+66069]
	Ordinal0 [0x00A2D31C+54044]
	Ordinal0 [0x00A4D9F7+186871]
	Ordinal0 [0x00A4D7FD+186365]
	Ordinal0 [0x00A4B70B+177931]
	Ordinal0 [0x00A32584+75140]
	Ordinal0 [0x00A33650+79440]
	Ordinal0 [0x00A335E9+79337]
	Ordinal0 [0x00BDAD5C+1813852]
	GetHandleVerifier [0x00DFC616+1075574]
	GetHandleVerifier [0x00DFC367+1074887]
	GetHandleVerifier [0x00E07497+1120247]
	GetHandleVerifier [0x00DFCC16+1077110]
	Ordinal0 [0x00BD3206+1782278]
	Ordinal0 [0x00BDC3BB+1819579]
	Ordinal0 [0x00BDC523+1819939]
	Ordinal0 [0x00BF2B45+1911621]
	BaseThreadInitThunk [0x75130419+25]
	RtlGetAppContainerNamedObjectPath [0x772C66DD+237]
	RtlGetAppContainerNamedObjectPath [0x772C66AD+189]

	at org.openqa.selenium.remote.W3CHandshakeResponse.lambda$errorHandler$0(W3CHandshakeResponse.java:62)
	at org.openqa.selenium.remote.HandshakeResponse.lambda$getResponseFunction$0(HandshakeResponse.java:30)
	at org.openqa.selenium.remote.ProtocolHandshake.lambda$createSession$0(ProtocolHandshake.java:126)
	at java.util.stream.ReferencePipeline$3$1.accept(Unknown Source)
	at java.util.Spliterators$ArraySpliterator.tryAdvance(Unknown Source)
	at java.util.stream.ReferencePipeline.forEachWithCancel(Unknown Source)
	at java.util.stream.AbstractPipeline.copyIntoWithCancel(Unknown Source)
	at java.util.stream.AbstractPipeline.copyInto(Unknown Source)
	at java.util.stream.AbstractPipeline.wrapAndCopyInto(Unknown Source)
	at java.util.stream.FindOps$FindOp.evaluateSequential(Unknown Source)
	at java.util.stream.AbstractPipeline.evaluate(Unknown Source)
	at java.util.stream.ReferencePipeline.findFirst(Unknown Source)
	at org.openqa.selenium.remote.ProtocolHandshake.createSession(ProtocolHandshake.java:128)
	at org.openqa.selenium.remote.ProtocolHandshake.createSession(ProtocolHandshake.java:74)
	at org.openqa.selenium.remote.HttpCommandExecutor.execute(HttpCommandExecutor.java:136)
	at org.openqa.selenium.remote.service.DriverCommandExecutor.execute(DriverCommandExecutor.java:83)
	at org.openqa.selenium.remote.RemoteWebDriver.execute(RemoteWebDriver.java:552)
	at org.openqa.selenium.remote.RemoteWebDriver.startSession(RemoteWebDriver.java:213)
	at org.openqa.selenium.remote.RemoteWebDriver.<init>(RemoteWebDriver.java:131)
	at org.openqa.selenium.chrome.ChromeDriver.<init>(ChromeDriver.java:181)
	at org.openqa.selenium.chrome.ChromeDriver.<init>(ChromeDriver.java:168)
	at org.openqa.selenium.chrome.ChromeDriver.<init>(ChromeDriver.java:157)
	at com.sapient.competency.automation.factory.TestBase.initializeDriver(TestBase.java:28)
... Removed 22 stack frames]]>
    </failure>
  </testcase> <!-- @BeforeSuite initializeDriver -->
  <testcase name="@BeforeTest testInitialize" time="0.0" classname="com.sapient.competency.automation.tests.AllTests">
    <skipped/>
  </testcase> <!-- @BeforeTest testInitialize -->
  <testcase name="@BeforeMethod extentLoggerInitializer" time="0.0" classname="com.sapient.competency.automation.tests.AllTests">
    <skipped/>
  </testcase> <!-- @BeforeMethod extentLoggerInitializer -->
  <testcase name="@AfterMethod tearDown" time="0.0" classname="com.sapient.competency.automation.tests.AllTests">
    <skipped/>
  </testcase> <!-- @AfterMethod tearDown -->
  <testcase name="@BeforeMethod extentLoggerInitializer" time="0.0" classname="com.sapient.competency.automation.tests.AllTests">
    <skipped/>
  </testcase> <!-- @BeforeMethod extentLoggerInitializer -->
  <testcase name="@AfterMethod tearDown" time="0.0" classname="com.sapient.competency.automation.tests.AllTests">
    <skipped/>
  </testcase> <!-- @AfterMethod tearDown -->
  <testcase name="@BeforeMethod extentLoggerInitializer" time="0.0" classname="com.sapient.competency.automation.tests.AllTests">
    <skipped/>
  </testcase> <!-- @BeforeMethod extentLoggerInitializer -->
  <testcase name="@AfterMethod tearDown" time="0.0" classname="com.sapient.competency.automation.tests.AllTests">
    <skipped/>
  </testcase> <!-- @AfterMethod tearDown -->
  <testcase name="@BeforeMethod extentLoggerInitializer" time="0.0" classname="com.sapient.competency.automation.tests.AllTests">
    <skipped/>
  </testcase> <!-- @BeforeMethod extentLoggerInitializer -->
  <testcase name="@AfterMethod tearDown" time="0.0" classname="com.sapient.competency.automation.tests.AllTests">
    <skipped/>
  </testcase> <!-- @AfterMethod tearDown -->
  <testcase name="@BeforeMethod extentLoggerInitializer" time="0.0" classname="com.sapient.competency.automation.tests.AllTests">
    <skipped/>
  </testcase> <!-- @BeforeMethod extentLoggerInitializer -->
  <testcase name="@AfterMethod tearDown" time="0.0" classname="com.sapient.competency.automation.tests.AllTests">
    <skipped/>
  </testcase> <!-- @AfterMethod tearDown -->
  <testcase name="@BeforeMethod extentLoggerInitializer" time="0.0" classname="com.sapient.competency.automation.tests.AllTests">
    <skipped/>
  </testcase> <!-- @BeforeMethod extentLoggerInitializer -->
  <testcase name="@AfterMethod tearDown" time="0.0" classname="com.sapient.competency.automation.tests.AllTests">
    <skipped/>
  </testcase> <!-- @AfterMethod tearDown -->
  <testcase name="@BeforeMethod extentLoggerInitializer" time="0.0" classname="com.sapient.competency.automation.tests.AllTests">
    <skipped/>
  </testcase> <!-- @BeforeMethod extentLoggerInitializer -->
  <testcase name="@AfterMethod tearDown" time="0.0" classname="com.sapient.competency.automation.tests.AllTests">
    <skipped/>
  </testcase> <!-- @AfterMethod tearDown -->
  <testcase name="@AfterClass closeBrowser" time="0.0" classname="com.sapient.competency.automation.tests.AllTests">
    <skipped/>
  </testcase> <!-- @AfterClass closeBrowser -->
  <testcase name="@AfterTest testClosure" time="0.0" classname="com.sapient.competency.automation.tests.AllTests">
    <skipped/>
  </testcase> <!-- @AfterTest testClosure -->
  <testcase name="testLogin" time="0.001" classname="com.sapient.competency.automation.tests.AllTests">
    <skipped/>
  </testcase> <!-- testLogin -->
  <testcase name="selectingCraftinCompetency" time="0.001" classname="com.sapient.competency.automation.tests.AllTests">
    <skipped/>
  </testcase> <!-- selectingCraftinCompetency -->
  <testcase name="submittingCompetency" time="0.002" classname="com.sapient.competency.automation.tests.AllTests">
    <skipped/>
  </testcase> <!-- submittingCompetency -->
  <testcase name="MyCertifications" time="0.001" classname="com.sapient.competency.automation.tests.AllTests">
    <skipped/>
  </testcase> <!-- MyCertifications -->
  <testcase name="CompetencyQuizMeFlow" time="0.001" classname="com.sapient.competency.automation.tests.AllTests">
    <skipped/>
  </testcase> <!-- CompetencyQuizMeFlow -->
  <testcase name="CompetencyApproverFlow" time="0.001" classname="com.sapient.competency.automation.tests.AllTests">
    <skipped/>
  </testcase> <!-- CompetencyApproverFlow -->
  <testcase name="CheckStatus" time="0.001" classname="com.sapient.competency.automation.tests.AllTests">
    <skipped/>
  </testcase> <!-- CheckStatus -->
</testsuite> <!-- Test Competency -->
