<?xml version="1.0" encoding="UTF-8"?>
<!-- Generated by org.testng.reporters.JUnitXMLReporter -->
<testsuite hostname="md2pyz3c" name="Test APMLSA" tests="5" failures="1" timestamp="25 Aug 2020 06:06:07 GMT" time="20.663" errors="0">
  <testcase name="@AfterMethod tearDown" time="0.0" classname="com.siemens.APMLSA.automation.tests.AllTests">
    <failure type="java.lang.RuntimeException" message="Unexpected result for screenshot command: null">
      <![CDATA[java.lang.RuntimeException: Unexpected result for screenshot command: null
	at org.openqa.selenium.remote.RemoteWebDriver.getScreenshotAs(RemoteWebDriver.java:304)
	at com.siemens.APMLSA.automation.utils.Utility.takeScreenshot(Utility.java:25)
	at com.siemens.APMLSA.automation.tests.AllTests.tearDown(AllTests.java:146)
	at org.apache.maven.surefire.testng.TestNGExecutor.run(TestNGExecutor.java:283)
	at org.apache.maven.surefire.testng.TestNGXmlTestSuite.execute(TestNGXmlTestSuite.java:75)
	at org.apache.maven.surefire.testng.TestNGProvider.invoke(TestNGProvider.java:120)
	at org.apache.maven.surefire.booter.ForkedBooter.invokeProviderInSameClassLoader(ForkedBooter.java:384)
	at org.apache.maven.surefire.booter.ForkedBooter.runSuitesInProcess(ForkedBooter.java:345)
	at org.apache.maven.surefire.booter.ForkedBooter.execute(ForkedBooter.java:126)
	at org.apache.maven.surefire.booter.ForkedBooter.main(ForkedBooter.java:418)
... Removed 23 stack frames]]>
    </failure>
  </testcase> <!-- @AfterMethod tearDown -->
  <testcase name="@BeforeMethod extentLoggerInitializer" time="0.0" classname="com.siemens.APMLSA.automation.tests.AllTests">
    <skipped/>
  </testcase> <!-- @BeforeMethod extentLoggerInitializer -->
  <testcase name="@AfterMethod tearDown" time="0.0" classname="com.siemens.APMLSA.automation.tests.AllTests">
    <skipped/>
  </testcase> <!-- @AfterMethod tearDown -->
  <testcase name="@BeforeMethod extentLoggerInitializer" time="0.0" classname="com.siemens.APMLSA.automation.tests.AllTests">
    <skipped/>
  </testcase> <!-- @BeforeMethod extentLoggerInitializer -->
  <testcase name="@AfterMethod tearDown" time="0.0" classname="com.siemens.APMLSA.automation.tests.AllTests">
    <skipped/>
  </testcase> <!-- @AfterMethod tearDown -->
  <testcase name="@BeforeMethod extentLoggerInitializer" time="0.0" classname="com.siemens.APMLSA.automation.tests.AllTests">
    <skipped/>
  </testcase> <!-- @BeforeMethod extentLoggerInitializer -->
  <testcase name="@AfterMethod tearDown" time="0.0" classname="com.siemens.APMLSA.automation.tests.AllTests">
    <skipped/>
  </testcase> <!-- @AfterMethod tearDown -->
  <testcase name="@AfterClass closeBrowser" time="0.0" classname="com.siemens.APMLSA.automation.tests.AllTests">
    <skipped/>
  </testcase> <!-- @AfterClass closeBrowser -->
  <testcase name="@AfterTest testClosure" time="0.0" classname="com.siemens.APMLSA.automation.tests.AllTests">
    <skipped/>
  </testcase> <!-- @AfterTest testClosure -->
  <testcase name="testLogin" time="11.166" classname="com.siemens.APMLSA.automation.tests.AllTests"/>
  <testcase name="selectingFiltersInDashboard" time="1.338" classname="com.siemens.APMLSA.automation.tests.AllTests">
    <failure type="org.openqa.selenium.ElementClickInterceptedException" message="element click intercepted: Element &amp;lt;button _ngcontent-rka-c102=&amp;quot;&amp;quot; type=&amp;quot;button&amp;quot; class=&amp;quot;btn btn-outline-secondary rounded-0 sie-btn-cancel&amp;quot; aria-expanded=&amp;quot;false&amp;quot;&amp;gt;...&amp;lt;/button&amp;gt; is not clickable at point (117, 427). Other element would receive the click: &amp;lt;div class=&amp;quot;ui-blockui-document ui-blockui ui-widget-overlay&amp;quot; style=&amp;quot;display: block; z-index: 100001002;&amp;quot;&amp;gt;...&amp;lt;/div&amp;gt;
  (Session info: chrome=84.0.4147.125)
Build info: version: &amp;apos;3.141.59&amp;apos;, revision: &amp;apos;e82be7d358&amp;apos;, time: &amp;apos;2018-11-14T08:17:03&amp;apos;
System info: host: &amp;apos;MD2PYZ3C&amp;apos;, ip: &amp;apos;192.168.219.2&amp;apos;, os.name: &amp;apos;Windows 10&amp;apos;, os.arch: &amp;apos;amd64&amp;apos;, os.version: &amp;apos;10.0&amp;apos;, java.version: &amp;apos;1.8.0_251&amp;apos;
Driver info: org.openqa.selenium.chrome.ChromeDriver
Capabilities {acceptInsecureCerts: false, browserName: chrome, browserVersion: 84.0.4147.125, chrome: {chromedriverVersion: 84.0.4147.30 (48b3e868b4cc0..., userDataDir: C:\Users\z0046zwe\AppData\L...}, goog:chromeOptions: {debuggerAddress: localhost:63494}, javascriptEnabled: true, networkConnectionEnabled: false, pageLoadStrategy: normal, platform: WINDOWS, platformName: WINDOWS, proxy: Proxy(), setWindowRect: true, strictFileInteractability: false, timeouts: {implicit: 0, pageLoad: 300000, script: 30000}, unhandledPromptBehavior: dismiss and notify, webauthn:virtualAuthenticators: true}
Session ID: e6793f647517d2cf8cb1d16b36e8ba48">
      <![CDATA[org.openqa.selenium.ElementClickInterceptedException: element click intercepted: Element <button _ngcontent-rka-c102="" type="button" class="btn btn-outline-secondary rounded-0 sie-btn-cancel" aria-expanded="false">...</button> is not clickable at point (117, 427). Other element would receive the click: <div class="ui-blockui-document ui-blockui ui-widget-overlay" style="display: block; z-index: 100001002;">...</div>
  (Session info: chrome=84.0.4147.125)
Build info: version: '3.141.59', revision: 'e82be7d358', time: '2018-11-14T08:17:03'
System info: host: 'MD2PYZ3C', ip: '192.168.219.2', os.name: 'Windows 10', os.arch: 'amd64', os.version: '10.0', java.version: '1.8.0_251'
Driver info: org.openqa.selenium.chrome.ChromeDriver
Capabilities {acceptInsecureCerts: false, browserName: chrome, browserVersion: 84.0.4147.125, chrome: {chromedriverVersion: 84.0.4147.30 (48b3e868b4cc0..., userDataDir: C:\Users\z0046zwe\AppData\L...}, goog:chromeOptions: {debuggerAddress: localhost:63494}, javascriptEnabled: true, networkConnectionEnabled: false, pageLoadStrategy: normal, platform: WINDOWS, platformName: WINDOWS, proxy: Proxy(), setWindowRect: true, strictFileInteractability: false, timeouts: {implicit: 0, pageLoad: 300000, script: 30000}, unhandledPromptBehavior: dismiss and notify, webauthn:virtualAuthenticators: true}
Session ID: e6793f647517d2cf8cb1d16b36e8ba48
	at org.openqa.selenium.remote.http.W3CHttpResponseCodec.createException(W3CHttpResponseCodec.java:187)
	at org.openqa.selenium.remote.http.W3CHttpResponseCodec.decode(W3CHttpResponseCodec.java:122)
	at org.openqa.selenium.remote.http.W3CHttpResponseCodec.decode(W3CHttpResponseCodec.java:49)
	at org.openqa.selenium.remote.HttpCommandExecutor.execute(HttpCommandExecutor.java:158)
	at org.openqa.selenium.remote.service.DriverCommandExecutor.execute(DriverCommandExecutor.java:83)
	at org.openqa.selenium.remote.RemoteWebDriver.execute(RemoteWebDriver.java:552)
	at org.openqa.selenium.remote.RemoteWebElement.execute(RemoteWebElement.java:285)
	at org.openqa.selenium.remote.RemoteWebElement.click(RemoteWebElement.java:84)
	at org.openqa.selenium.support.pagefactory.internal.LocatingElementHandler.invoke(LocatingElementHandler.java:51)
	at com.sun.proxy.$Proxy13.click(Unknown Source)
	at com.siemens.APMLSA.automation.utils.Utility.clickAction(Utility.java:53)
	at com.siemens.APMLSA.automation.pages.DashboardPage.clickOnFilter(DashboardPage.java:71)
	at com.siemens.APMLSA.automation.tests.AllTests.selectingFiltersInDashboard(AllTests.java:48)
	at org.apache.maven.surefire.testng.TestNGExecutor.run(TestNGExecutor.java:283)
	at org.apache.maven.surefire.testng.TestNGXmlTestSuite.execute(TestNGXmlTestSuite.java:75)
	at org.apache.maven.surefire.testng.TestNGProvider.invoke(TestNGProvider.java:120)
	at org.apache.maven.surefire.booter.ForkedBooter.invokeProviderInSameClassLoader(ForkedBooter.java:384)
	at org.apache.maven.surefire.booter.ForkedBooter.runSuitesInProcess(ForkedBooter.java:345)
	at org.apache.maven.surefire.booter.ForkedBooter.execute(ForkedBooter.java:126)
	at org.apache.maven.surefire.booter.ForkedBooter.main(ForkedBooter.java:418)
... Removed 29 stack frames]]>
    </failure>
  </testcase> <!-- selectingFiltersInDashboard -->
  <testcase name="GoldenBatchParameters" time="0.001" classname="com.siemens.APMLSA.automation.tests.AllTests">
    <skipped/>
  </testcase> <!-- GoldenBatchParameters -->
  <testcase name="SystemConfig" time="0.0" classname="com.siemens.APMLSA.automation.tests.AllTests">
    <skipped/>
  </testcase> <!-- SystemConfig -->
  <testcase name="UserConfig" time="0.001" classname="com.siemens.APMLSA.automation.tests.AllTests">
    <skipped/>
  </testcase> <!-- UserConfig -->
</testsuite> <!-- Test APMLSA -->
